C51 COMPILER V9.56.0.0   BSP_DELAY                                                         11/15/2022 13:44:46 PAGE 1   


C51 COMPILER V9.56.0.0, COMPILATION OF MODULE BSP_DELAY
OBJECT MODULE PLACED IN .\Objects\bsp_delay.obj
COMPILER INVOKED BY: C:\Keil_v5\C51\BIN\C51.EXE Bsp\bsp_delay.c OPTIMIZE(8,SPEED) BROWSE DEBUG OBJECTEXTEND PRINT(.\List
                    -ings\bsp_delay.lst) TABS(2) OBJECT(.\Objects\bsp_delay.obj)

line level    source

   1          #include "./User/includes.h"
   2          #include "intrins.h"
   3          
   4          
   5          #ifdef  STC12C5A60S2
              
              //========================================================================
              // 函数: void Delay1ms()    //@11.0592MHz
              // 描述: 延时1毫秒函数
              // 参数：无
              // 返回: 无
              // 版本: V1.0, 2022-10-17
              //========================================================================
              static void Delay1ms()    //@11.0592MHz
              {
                unsigned char i, j;
              
                _nop_();
                i = 11;
                j = 190;
                do
                {
                  while (--j);
                } while (--i);
              }
              //========================================================================
              // 函数: delay_ms(u16 count)    //@11.0592MHz
              // 参数：count,为需要延时的毫秒数，最大值为65535.
              // 返回: 无
              // 版本: V1.0, 2022-10-17
              //========================================================================
              void delay_ms(u16 count)    //@11.0592MHz
              {
                  while(count--)
                  {
                    Delay1ms();
                  }
              }
              
              #endif
  41          
  42          
  43          #ifdef  STC15W4K48S4
  44          
  45          //========================================================================
  46          // 函数: void  delay_ms(unsigned char ms)
  47          // 描述: 延时函数。
  48          // 参数: ms,要延时的ms数, 这里只支持1~255ms. 自动适应主时钟.
  49          // 返回: none.
  50          // 版本: VER1.0
  51          // 日期: 2013-4-1
  52          // 备注: 
  53          //========================================================================
  54          void  delay_ms(u16 ms)
C51 COMPILER V9.56.0.0   BSP_DELAY                                                         11/15/2022 13:44:46 PAGE 2   

  55          {
  56   1           unsigned int i;
  57   1         do{
  58   2              i = MAIN_Fosc / 13000;
  59   2            while(--i)  ;   //14T per loop
  60   2           }while(--ms);
  61   1      }
  62          
  63          #endif
  64          
  65          
  66          
  67          


MODULE INFORMATION:   STATIC OVERLAYABLE
   CODE SIZE        =     23    ----
   CONSTANT SIZE    =   ----    ----
   XDATA SIZE       =   ----    ----
   PDATA SIZE       =   ----    ----
   DATA SIZE        =   ----    ----
   IDATA SIZE       =   ----    ----
   BIT SIZE         =   ----    ----
END OF MODULE INFORMATION.


C51 COMPILATION COMPLETE.  0 WARNING(S),  0 ERROR(S)
